<?xml version="1.0" ?>
<coverage branch-rate="0.78" branches-covered="78" branches-valid="100" complexity="0" line-rate="0.9769" lines-covered="718" lines-valid="735" timestamp="1580298951234" version="5.0.3">
	<!-- Generated by coverage.py: https://coverage.readthedocs.io -->
	<!-- Based on https://raw.githubusercontent.com/cobertura/web/master/htdocs/xml/coverage-04.dtd -->
	<sources>
		<source>C:\MLTemplate\tests</source>
	</sources>
	<packages>
		<package branch-rate="1" complexity="0" line-rate="1" name=".">
			<classes>
				<class branch-rate="1" complexity="0" filename="__init__.py" line-rate="1" name="__init__.py">
					<methods/>
					<lines/>
				</class>
			</classes>
		</package>
		<package branch-rate="1" complexity="0" line-rate="1" name="t_Check">
			<classes>
				<class branch-rate="1" complexity="0" filename="t_Check/__init__.py" line-rate="1" name="__init__.py">
					<methods/>
					<lines/>
				</class>
			</classes>
		</package>
		<package branch-rate="0.8889" complexity="0" line-rate="0.9682" name="t_Data">
			<classes>
				<class branch-rate="1" complexity="0" filename="t_Data/__init__.py" line-rate="1" name="__init__.py">
					<methods/>
					<lines/>
				</class>
				<class branch-rate="1" complexity="0" filename="t_Data/test_DateTimeGenerator.py" line-rate="1" name="test_DateTimeGenerator.py">
					<methods/>
					<lines>
						<line hits="1" number="5"/>
						<line hits="1" number="6"/>
						<line hits="1" number="7"/>
						<line hits="1" number="9"/>
						<line hits="1" number="10"/>
						<line hits="1" number="13"/>
						<line hits="1" number="24"/>
						<line branch="true" condition-coverage="100% (2/2)" hits="1" number="26"/>
						<line hits="1" number="27"/>
						<line hits="1" number="29"/>
						<line hits="1" number="31"/>
						<line hits="1" number="35"/>
						<line hits="1" number="36"/>
						<line hits="1" number="38"/>
						<line hits="1" number="42"/>
						<line hits="1" number="43"/>
						<line hits="1" number="45"/>
						<line hits="1" number="60"/>
						<line hits="1" number="67"/>
						<line hits="1" number="68"/>
						<line branch="true" condition-coverage="100% (2/2)" hits="1" number="69"/>
						<line hits="1" number="70"/>
						<line hits="1" number="71"/>
						<line hits="1" number="74"/>
						<line hits="1" number="89"/>
						<line hits="1" number="100"/>
						<line hits="1" number="101"/>
						<line branch="true" condition-coverage="100% (2/2)" hits="1" number="102"/>
						<line hits="1" number="103"/>
						<line hits="1" number="104"/>
						<line hits="1" number="105"/>
						<line hits="1" number="106"/>
						<line hits="1" number="109"/>
						<line hits="1" number="116"/>
						<line hits="1" number="123"/>
						<line hits="1" number="124"/>
						<line hits="1" number="127"/>
						<line hits="1" number="131"/>
						<line hits="1" number="134"/>
						<line hits="1" number="138"/>
						<line hits="1" number="141"/>
						<line hits="1" number="145"/>
						<line hits="1" number="148"/>
						<line hits="1" number="152"/>
					</lines>
				</class>
				<class branch-rate="0.8333" complexity="0" filename="t_Data/test_FloatTripletGenerator.py" line-rate="0.9722" name="test_FloatTripletGenerator.py">
					<methods/>
					<lines>
						<line hits="1" number="5"/>
						<line hits="1" number="6"/>
						<line hits="1" number="8"/>
						<line hits="1" number="9"/>
						<line hits="1" number="10"/>
						<line hits="1" number="12"/>
						<line hits="1" number="13"/>
						<line hits="1" number="14"/>
						<line hits="1" number="16"/>
						<line hits="1" number="17"/>
						<line hits="1" number="18"/>
						<line hits="1" number="20"/>
						<line hits="1" number="21"/>
						<line hits="1" number="22"/>
						<line hits="1" number="25"/>
						<line hits="1" number="27"/>
						<line hits="1" number="28"/>
						<line hits="1" number="29"/>
						<line hits="1" number="32"/>
						<line hits="1" number="35"/>
						<line hits="1" number="40"/>
						<line branch="true" condition-coverage="100% (2/2)" hits="1" number="41"/>
						<line hits="1" number="42"/>
						<line branch="true" condition-coverage="100% (2/2)" hits="1" number="43"/>
						<line hits="1" number="44"/>
						<line branch="true" condition-coverage="50% (1/2)" hits="1" missing-branches="48" number="45"/>
						<line hits="1" number="46"/>
						<line hits="0" number="48"/>
						<line hits="1" number="51"/>
						<line hits="1" number="56"/>
						<line hits="1" number="63"/>
						<line hits="1" number="64"/>
						<line hits="1" number="67"/>
						<line hits="1" number="70"/>
						<line hits="1" number="75"/>
						<line hits="1" number="76"/>
					</lines>
				</class>
				<class branch-rate="0.5" complexity="0" filename="t_Data/test_SaverAndLoader.py" line-rate="0.8889" name="test_SaverAndLoader.py">
					<methods/>
					<lines>
						<line hits="1" number="5"/>
						<line hits="1" number="6"/>
						<line hits="1" number="7"/>
						<line hits="1" number="9"/>
						<line hits="1" number="10"/>
						<line hits="1" number="12"/>
						<line hits="1" number="13"/>
						<line hits="1" number="14"/>
						<line hits="1" number="15"/>
						<line hits="1" number="18"/>
						<line hits="1" number="27"/>
						<line hits="1" number="28"/>
						<line hits="1" number="29"/>
						<line hits="1" number="31"/>
						<line hits="1" number="32"/>
						<line hits="1" number="34"/>
						<line hits="1" number="37"/>
						<line hits="1" number="38"/>
						<line hits="1" number="44"/>
						<line hits="1" number="46"/>
						<line branch="true" condition-coverage="50% (1/2)" hits="1" missing-branches="exit" number="47"/>
						<line hits="1" number="48"/>
						<line hits="1" number="51"/>
						<line hits="1" number="55"/>
						<line hits="1" number="56"/>
						<line hits="1" number="57"/>
						<line hits="1" number="58"/>
						<line hits="0" number="59"/>
						<line hits="0" number="60"/>
						<line hits="1" number="63"/>
						<line hits="1" number="67"/>
						<line hits="1" number="68"/>
						<line hits="1" number="69"/>
						<line hits="1" number="70"/>
						<line hits="0" number="71"/>
						<line hits="0" number="72"/>
					</lines>
				</class>
				<class branch-rate="1" complexity="0" filename="t_Data/test_Splitter.py" line-rate="1" name="test_Splitter.py">
					<methods/>
					<lines>
						<line hits="1" number="5"/>
						<line hits="1" number="7"/>
						<line hits="1" number="9"/>
						<line hits="1" number="12"/>
						<line hits="1" number="13"/>
						<line hits="1" number="14"/>
						<line branch="true" condition-coverage="100% (2/2)" hits="1" number="15"/>
						<line hits="1" number="17"/>
						<line branch="true" condition-coverage="100% (2/2)" hits="1" number="18"/>
						<line hits="1" number="20"/>
						<line hits="1" number="23"/>
						<line hits="1" number="27"/>
						<line hits="1" number="28"/>
						<line hits="1" number="29"/>
						<line hits="1" number="32"/>
						<line hits="1" number="36"/>
						<line hits="1" number="40"/>
						<line hits="1" number="41"/>
						<line hits="1" number="42"/>
						<line hits="1" number="46"/>
						<line hits="1" number="47"/>
						<line hits="1" number="49"/>
						<line hits="1" number="50"/>
						<line hits="1" number="52"/>
					</lines>
				</class>
				<class branch-rate="1" complexity="0" filename="t_Data/test_TimeSeriesGenerator.py" line-rate="1" name="test_TimeSeriesGenerator.py">
					<methods/>
					<lines>
						<line hits="1" number="5"/>
						<line hits="1" number="8"/>
						<line hits="1" number="13"/>
						<line hits="1" number="14"/>
						<line hits="1" number="15"/>
						<line hits="1" number="18"/>
						<line hits="1" number="23"/>
						<line hits="1" number="24"/>
						<line hits="1" number="25"/>
						<line hits="1" number="28"/>
						<line hits="1" number="33"/>
						<line hits="1" number="34"/>
						<line hits="1" number="35"/>
						<line hits="1" number="38"/>
						<line hits="1" number="43"/>
						<line hits="1" number="44"/>
						<line hits="1" number="45"/>
					</lines>
				</class>
			</classes>
		</package>
		<package branch-rate="1" complexity="0" line-rate="1" name="t_Exception">
			<classes>
				<class branch-rate="1" complexity="0" filename="t_Exception/__init__.py" line-rate="1" name="__init__.py">
					<methods/>
					<lines/>
				</class>
			</classes>
		</package>
		<package branch-rate="1" complexity="0" line-rate="1" name="t_Modeling">
			<classes>
				<class branch-rate="1" complexity="0" filename="t_Modeling/__init__.py" line-rate="1" name="__init__.py">
					<methods/>
					<lines/>
				</class>
			</classes>
		</package>
		<package branch-rate="1" complexity="0" line-rate="1" name="t_Reporting">
			<classes>
				<class branch-rate="1" complexity="0" filename="t_Reporting/__init__.py" line-rate="1" name="__init__.py">
					<methods/>
					<lines/>
				</class>
			</classes>
		</package>
		<package branch-rate="0.7561" complexity="0" line-rate="0.9795" name="t_Transformation">
			<classes>
				<class branch-rate="1" complexity="0" filename="t_Transformation/__init__.py" line-rate="1" name="__init__.py">
					<methods/>
					<lines/>
				</class>
				<class branch-rate="0.6667" complexity="0" filename="t_Transformation/test_DFLogTransformator.py" line-rate="0.9615" name="test_DFLogTransformator.py">
					<methods/>
					<lines>
						<line hits="1" number="5"/>
						<line hits="1" number="7"/>
						<line hits="1" number="8"/>
						<line hits="1" number="9"/>
						<line hits="1" number="11"/>
						<line hits="1" number="12"/>
						<line hits="1" number="13"/>
						<line hits="1" number="14"/>
						<line hits="1" number="16"/>
						<line hits="1" number="17"/>
						<line hits="1" number="18"/>
						<line hits="1" number="19"/>
						<line hits="1" number="22"/>
						<line hits="1" number="23"/>
						<line branch="true" condition-coverage="100% (2/2)" hits="1" number="24"/>
						<line hits="1" number="25"/>
						<line hits="1" number="26"/>
						<line hits="1" number="29"/>
						<line hits="1" number="32"/>
						<line hits="1" number="33"/>
						<line branch="true" condition-coverage="100% (2/2)" hits="1" number="34"/>
						<line hits="1" number="37"/>
						<line hits="1" number="38"/>
						<line branch="true" condition-coverage="50% (1/2)" hits="1" missing-branches="40" number="39"/>
						<line hits="0" number="40"/>
						<line branch="true" condition-coverage="0% (0/2)" hits="0" missing-branches="exit,39" number="41"/>
						<line hits="1" number="44"/>
						<line hits="1" number="47"/>
						<line hits="1" number="49"/>
						<line branch="true" condition-coverage="100% (2/2)" hits="1" number="50"/>
						<line hits="1" number="51"/>
						<line branch="true" condition-coverage="50% (1/2)" hits="1" missing-branches="55" number="52"/>
						<line hits="1" number="53"/>
						<line hits="1" number="55"/>
						<line hits="1" number="58"/>
						<line hits="1" number="62"/>
						<line hits="1" number="70"/>
						<line hits="1" number="71"/>
						<line hits="1" number="72"/>
						<line hits="1" number="73"/>
						<line hits="1" number="74"/>
						<line hits="1" number="77"/>
						<line hits="1" number="81"/>
						<line hits="1" number="92"/>
						<line hits="1" number="93"/>
						<line hits="1" number="94"/>
						<line hits="1" number="97"/>
						<line hits="1" number="105"/>
						<line hits="1" number="119"/>
						<line hits="1" number="120"/>
						<line hits="1" number="121"/>
						<line hits="1" number="122"/>
					</lines>
				</class>
				<class branch-rate="1" complexity="0" filename="t_Transformation/test_DFToMultiTSTransformator.py" line-rate="1" name="test_DFToMultiTSTransformator.py">
					<methods/>
					<lines>
						<line hits="1" number="5"/>
						<line hits="1" number="6"/>
						<line hits="1" number="8"/>
						<line hits="1" number="10"/>
						<line hits="1" number="11"/>
						<line hits="1" number="12"/>
						<line hits="1" number="15"/>
						<line hits="1" number="22"/>
						<line hits="1" number="23"/>
						<line hits="1" number="25"/>
						<line hits="1" number="27"/>
						<line hits="1" number="34"/>
						<line hits="1" number="37"/>
						<line hits="1" number="41"/>
						<line hits="1" number="42"/>
						<line hits="1" number="45"/>
						<line hits="1" number="49"/>
						<line hits="1" number="50"/>
						<line hits="1" number="59"/>
						<line hits="1" number="63"/>
						<line hits="1" number="64"/>
						<line hits="1" number="67"/>
						<line hits="1" number="71"/>
						<line hits="1" number="72"/>
						<line hits="1" number="75"/>
						<line hits="1" number="79"/>
						<line hits="1" number="80"/>
						<line hits="1" number="81"/>
					</lines>
				</class>
				<class branch-rate="0.8" complexity="0" filename="t_Transformation/test_DWMYDFTransformator.py" line-rate="1" name="test_DWMYDFTransformator.py">
					<methods/>
					<lines>
						<line hits="1" number="4"/>
						<line hits="1" number="6"/>
						<line hits="1" number="7"/>
						<line hits="1" number="8"/>
						<line hits="1" number="9"/>
						<line hits="1" number="10"/>
						<line hits="1" number="13"/>
						<line hits="1" number="14"/>
						<line hits="1" number="15"/>
						<line hits="1" number="16"/>
						<line hits="1" number="17"/>
						<line hits="1" number="20"/>
						<line hits="1" number="21"/>
						<line hits="1" number="22"/>
						<line hits="1" number="24"/>
						<line hits="1" number="33"/>
						<line hits="1" number="40"/>
						<line hits="1" number="47"/>
						<line hits="1" number="53"/>
						<line hits="1" number="55"/>
						<line hits="1" number="56"/>
						<line hits="1" number="57"/>
						<line branch="true" condition-coverage="100% (2/2)" hits="1" number="59"/>
						<line hits="1" number="60"/>
						<line branch="true" condition-coverage="100% (2/2)" hits="1" number="61"/>
						<line hits="1" number="62"/>
						<line branch="true" condition-coverage="50% (1/2)" hits="1" missing-branches="66" number="63"/>
						<line hits="1" number="64"/>
						<line hits="1" number="66"/>
						<line hits="1" number="67"/>
						<line hits="1" number="69"/>
						<line hits="1" number="72"/>
						<line hits="1" number="75"/>
						<line branch="true" condition-coverage="100% (2/2)" hits="1" number="77"/>
						<line hits="1" number="78"/>
						<line branch="true" condition-coverage="50% (1/2)" hits="1" missing-branches="82" number="79"/>
						<line hits="1" number="80"/>
						<line hits="1" number="82"/>
						<line hits="1" number="85"/>
						<line hits="1" number="96"/>
						<line hits="1" number="104"/>
						<line hits="1" number="105"/>
						<line hits="1" number="106"/>
						<line hits="1" number="108"/>
						<line hits="1" number="109"/>
						<line hits="1" number="111"/>
					</lines>
				</class>
				<class branch-rate="0.8" complexity="0" filename="t_Transformation/test_DWMYGroupTransformator.py" line-rate="1" name="test_DWMYGroupTransformator.py">
					<methods/>
					<lines>
						<line hits="1" number="4"/>
						<line hits="1" number="6"/>
						<line hits="1" number="7"/>
						<line hits="1" number="9"/>
						<line hits="1" number="10"/>
						<line hits="1" number="13"/>
						<line hits="1" number="14"/>
						<line hits="1" number="15"/>
						<line hits="1" number="18"/>
						<line hits="1" number="20"/>
						<line hits="1" number="21"/>
						<line hits="1" number="22"/>
						<line hits="1" number="24"/>
						<line hits="1" number="27"/>
						<line hits="1" number="29"/>
						<line hits="1" number="30"/>
						<line hits="1" number="31"/>
						<line hits="1" number="33"/>
						<line hits="1" number="36"/>
						<line hits="1" number="38"/>
						<line hits="1" number="39"/>
						<line hits="1" number="40"/>
						<line hits="1" number="42"/>
						<line hits="1" number="45"/>
						<line hits="1" number="47"/>
						<line hits="1" number="48"/>
						<line hits="1" number="49"/>
						<line hits="1" number="51"/>
						<line hits="1" number="54"/>
						<line hits="1" number="56"/>
						<line branch="true" condition-coverage="100% (2/2)" hits="1" number="57"/>
						<line hits="1" number="58"/>
						<line branch="true" condition-coverage="100% (2/2)" hits="1" number="60"/>
						<line hits="1" number="61"/>
						<line branch="true" condition-coverage="50% (1/2)" hits="1" missing-branches="65" number="62"/>
						<line hits="1" number="63"/>
						<line hits="1" number="65"/>
						<line hits="1" number="67"/>
						<line hits="1" number="70"/>
						<line hits="1" number="73"/>
						<line branch="true" condition-coverage="100% (2/2)" hits="1" number="75"/>
						<line hits="1" number="76"/>
						<line branch="true" condition-coverage="50% (1/2)" hits="1" missing-branches="80" number="77"/>
						<line hits="1" number="78"/>
						<line hits="1" number="80"/>
						<line hits="1" number="83"/>
						<line hits="1" number="94"/>
						<line hits="1" number="102"/>
						<line hits="1" number="103"/>
						<line hits="1" number="105"/>
					</lines>
				</class>
				<class branch-rate="0.8" complexity="0" filename="t_Transformation/test_DWMYTransformator.py" line-rate="1" name="test_DWMYTransformator.py">
					<methods/>
					<lines>
						<line hits="1" number="6"/>
						<line hits="1" number="8"/>
						<line hits="1" number="9"/>
						<line hits="1" number="10"/>
						<line hits="1" number="11"/>
						<line hits="1" number="13"/>
						<line hits="1" number="14"/>
						<line hits="1" number="15"/>
						<line hits="1" number="16"/>
						<line hits="1" number="19"/>
						<line hits="1" number="20"/>
						<line hits="1" number="21"/>
						<line hits="1" number="23"/>
						<line hits="1" number="28"/>
						<line hits="1" number="32"/>
						<line hits="1" number="36"/>
						<line hits="1" number="42"/>
						<line hits="1" number="44"/>
						<line hits="1" number="45"/>
						<line branch="true" condition-coverage="100% (2/2)" hits="1" number="47"/>
						<line hits="1" number="48"/>
						<line branch="true" condition-coverage="100% (2/2)" hits="1" number="49"/>
						<line hits="1" number="50"/>
						<line branch="true" condition-coverage="50% (1/2)" hits="1" missing-branches="54" number="51"/>
						<line hits="1" number="52"/>
						<line hits="1" number="54"/>
						<line hits="1" number="56"/>
						<line hits="1" number="59"/>
						<line hits="1" number="61"/>
						<line branch="true" condition-coverage="100% (2/2)" hits="1" number="63"/>
						<line hits="1" number="64"/>
						<line branch="true" condition-coverage="50% (1/2)" hits="1" missing-branches="68" number="65"/>
						<line hits="1" number="66"/>
						<line hits="1" number="68"/>
						<line hits="1" number="71"/>
						<line hits="1" number="82"/>
						<line hits="1" number="90"/>
						<line hits="1" number="91"/>
						<line hits="1" number="93"/>
					</lines>
				</class>
				<class branch-rate="0.75" complexity="0" filename="t_Transformation/test_DatetimeToPeriodTransformator.py" line-rate="0.9565" name="test_DatetimeToPeriodTransformator.py">
					<methods/>
					<lines>
						<line hits="1" number="3"/>
						<line hits="1" number="7"/>
						<line hits="1" number="9"/>
						<line hits="1" number="11"/>
						<line hits="1" number="12"/>
						<line hits="1" number="13"/>
						<line hits="1" number="15"/>
						<line hits="1" number="17"/>
						<line hits="1" number="18"/>
						<line hits="1" number="19"/>
						<line hits="1" number="20"/>
						<line hits="1" number="23"/>
						<line hits="1" number="24"/>
						<line branch="true" condition-coverage="100% (2/2)" hits="1" number="25"/>
						<line hits="1" number="26"/>
						<line branch="true" condition-coverage="50% (1/2)" hits="1" missing-branches="30" number="27"/>
						<line hits="1" number="28"/>
						<line hits="0" number="30"/>
						<line hits="1" number="34"/>
						<line hits="1" number="37"/>
						<line hits="1" number="47"/>
						<line hits="1" number="56"/>
						<line hits="1" number="57"/>
					</lines>
				</class>
				<class branch-rate="0.75" complexity="0" filename="t_Transformation/test_FrequencyResampleSeriesTransformer.py" line-rate="0.9677" name="test_FrequencyResampleSeriesTransformer.py">
					<methods/>
					<lines>
						<line hits="1" number="5"/>
						<line hits="1" number="7"/>
						<line hits="1" number="8"/>
						<line hits="1" number="10"/>
						<line hits="1" number="11"/>
						<line hits="1" number="12"/>
						<line hits="1" number="14"/>
						<line hits="1" number="18"/>
						<line hits="1" number="21"/>
						<line hits="1" number="24"/>
						<line hits="1" number="27"/>
						<line hits="1" number="33"/>
						<line hits="1" number="39"/>
						<line hits="1" number="45"/>
						<line hits="1" number="57"/>
						<line hits="1" number="63"/>
						<line hits="1" number="69"/>
						<line hits="1" number="75"/>
						<line hits="1" number="81"/>
						<line hits="1" number="89"/>
						<line hits="1" number="90"/>
						<line branch="true" condition-coverage="100% (2/2)" hits="1" number="91"/>
						<line hits="1" number="92"/>
						<line branch="true" condition-coverage="50% (1/2)" hits="1" missing-branches="96" number="93"/>
						<line hits="1" number="94"/>
						<line hits="0" number="96"/>
						<line hits="1" number="97"/>
						<line hits="1" number="100"/>
						<line hits="1" number="152"/>
						<line hits="1" number="164"/>
						<line hits="1" number="165"/>
					</lines>
				</class>
				<class branch-rate="0.75" complexity="0" filename="t_Transformation/test_GroupBySeriesTransformator.py" line-rate="0.9714" name="test_GroupBySeriesTransformator.py">
					<methods/>
					<lines>
						<line hits="1" number="5"/>
						<line hits="1" number="7"/>
						<line hits="1" number="8"/>
						<line hits="1" number="10"/>
						<line hits="1" number="11"/>
						<line hits="1" number="12"/>
						<line hits="1" number="14"/>
						<line hits="1" number="18"/>
						<line hits="1" number="21"/>
						<line hits="1" number="24"/>
						<line hits="1" number="27"/>
						<line hits="1" number="33"/>
						<line hits="1" number="39"/>
						<line hits="1" number="45"/>
						<line hits="1" number="51"/>
						<line hits="1" number="59"/>
						<line hits="1" number="60"/>
						<line branch="true" condition-coverage="100% (2/2)" hits="1" number="61"/>
						<line hits="1" number="62"/>
						<line branch="true" condition-coverage="50% (1/2)" hits="1" missing-branches="66" number="63"/>
						<line hits="1" number="64"/>
						<line hits="0" number="66"/>
						<line hits="1" number="67"/>
						<line hits="1" number="70"/>
						<line hits="1" number="89"/>
						<line hits="1" number="98"/>
						<line hits="1" number="99"/>
						<line hits="1" number="103"/>
						<line hits="1" number="122"/>
						<line hits="1" number="132"/>
						<line hits="1" number="133"/>
						<line hits="1" number="136"/>
						<line hits="1" number="155"/>
						<line hits="1" number="164"/>
						<line hits="1" number="165"/>
					</lines>
				</class>
				<class branch-rate="1" complexity="0" filename="t_Transformation/test_ListTSToDFTransformator.py" line-rate="1" name="test_ListTSToDFTransformator.py">
					<methods/>
					<lines>
						<line hits="1" number="5"/>
						<line hits="1" number="7"/>
						<line hits="1" number="9"/>
						<line hits="1" number="10"/>
						<line hits="1" number="11"/>
						<line hits="1" number="14"/>
						<line hits="1" number="15"/>
						<line hits="1" number="16"/>
						<line hits="1" number="18"/>
						<line hits="1" number="23"/>
						<line hits="1" number="26"/>
						<line hits="1" number="30"/>
						<line hits="1" number="31"/>
						<line hits="1" number="34"/>
						<line hits="1" number="39"/>
						<line hits="1" number="40"/>
						<line hits="1" number="43"/>
						<line hits="1" number="49"/>
						<line hits="1" number="50"/>
					</lines>
				</class>
				<class branch-rate="1" complexity="0" filename="t_Transformation/test_ListTSToSeriesTransformator.py" line-rate="1" name="test_ListTSToSeriesTransformator.py">
					<methods/>
					<lines>
						<line hits="1" number="5"/>
						<line hits="1" number="7"/>
						<line hits="1" number="8"/>
						<line hits="1" number="9"/>
						<line hits="1" number="12"/>
						<line hits="1" number="13"/>
						<line hits="1" number="14"/>
						<line hits="1" number="16"/>
						<line hits="1" number="21"/>
						<line hits="1" number="24"/>
						<line hits="1" number="28"/>
						<line hits="1" number="29"/>
						<line hits="1" number="32"/>
						<line hits="1" number="37"/>
						<line hits="1" number="38"/>
					</lines>
				</class>
				<class branch-rate="0.75" complexity="0" filename="t_Transformation/test_NumberToOneTransformator.py" line-rate="1" name="test_NumberToOneTransformator.py">
					<methods/>
					<lines>
						<line hits="1" number="5"/>
						<line hits="1" number="7"/>
						<line hits="1" number="8"/>
						<line hits="1" number="9"/>
						<line hits="1" number="11"/>
						<line hits="1" number="12"/>
						<line hits="1" number="14"/>
						<line hits="1" number="17"/>
						<line hits="1" number="19"/>
						<line hits="1" number="20"/>
						<line hits="1" number="22"/>
						<line hits="1" number="23"/>
						<line hits="1" number="25"/>
						<line hits="1" number="26"/>
						<line hits="1" number="28"/>
						<line hits="1" number="31"/>
						<line hits="1" number="33"/>
						<line branch="true" condition-coverage="100% (2/2)" hits="1" number="35"/>
						<line hits="1" number="36"/>
						<line branch="true" condition-coverage="50% (1/2)" hits="1" missing-branches="40" number="37"/>
						<line hits="1" number="38"/>
						<line hits="1" number="40"/>
						<line hits="1" number="43"/>
						<line hits="1" number="44"/>
						<line hits="1" number="51"/>
						<line hits="1" number="52"/>
						<line hits="1" number="54"/>
					</lines>
				</class>
				<class branch-rate="0.75" complexity="0" filename="t_Transformation/test_SeriesToDenseSeriesTransformator.py" line-rate="0.9744" name="test_SeriesToDenseSeriesTransformator.py">
					<methods/>
					<lines>
						<line hits="1" number="5"/>
						<line hits="1" number="6"/>
						<line hits="1" number="8"/>
						<line hits="1" number="9"/>
						<line hits="1" number="11"/>
						<line hits="1" number="12"/>
						<line hits="1" number="13"/>
						<line hits="1" number="15"/>
						<line hits="1" number="19"/>
						<line hits="1" number="23"/>
						<line hits="1" number="27"/>
						<line hits="1" number="32"/>
						<line hits="1" number="37"/>
						<line hits="1" number="47"/>
						<line hits="1" number="52"/>
						<line hits="1" number="60"/>
						<line hits="1" number="65"/>
						<line hits="1" number="72"/>
						<line hits="1" number="73"/>
						<line hits="1" number="74"/>
						<line hits="1" number="75"/>
						<line hits="1" number="77"/>
						<line hits="1" number="84"/>
						<line hits="1" number="91"/>
						<line hits="1" number="93"/>
						<line branch="true" condition-coverage="100% (2/2)" hits="1" number="94"/>
						<line hits="1" number="95"/>
						<line branch="true" condition-coverage="50% (1/2)" hits="1" missing-branches="99" number="96"/>
						<line hits="1" number="97"/>
						<line hits="0" number="99"/>
						<line hits="1" number="100"/>
						<line hits="1" number="103"/>
						<line hits="1" number="117"/>
						<line hits="1" number="126"/>
						<line hits="1" number="127"/>
						<line hits="1" number="130"/>
						<line hits="1" number="140"/>
						<line hits="1" number="151"/>
						<line hits="1" number="152"/>
					</lines>
				</class>
				<class branch-rate="0.75" complexity="0" filename="t_Transformation/test_SeriesToSparseSeriesTransformator.py" line-rate="0.9583" name="test_SeriesToSparseSeriesTransformator.py">
					<methods/>
					<lines>
						<line hits="1" number="5"/>
						<line hits="1" number="7"/>
						<line hits="1" number="8"/>
						<line hits="1" number="10"/>
						<line hits="1" number="11"/>
						<line hits="1" number="12"/>
						<line hits="1" number="13"/>
						<line hits="1" number="16"/>
						<line hits="1" number="17"/>
						<line hits="1" number="18"/>
						<line hits="1" number="19"/>
						<line hits="1" number="25"/>
						<line hits="1" number="28"/>
						<line hits="1" number="29"/>
						<line branch="true" condition-coverage="100% (2/2)" hits="1" number="30"/>
						<line hits="1" number="31"/>
						<line branch="true" condition-coverage="50% (1/2)" hits="1" missing-branches="35" number="32"/>
						<line hits="1" number="33"/>
						<line hits="0" number="35"/>
						<line hits="1" number="36"/>
						<line hits="1" number="39"/>
						<line hits="1" number="49"/>
						<line hits="1" number="56"/>
						<line hits="1" number="57"/>
					</lines>
				</class>
				<class branch-rate="0.75" complexity="0" filename="t_Transformation/test_SortSeriesTransformator.py" line-rate="0.9565" name="test_SortSeriesTransformator.py">
					<methods/>
					<lines>
						<line hits="1" number="5"/>
						<line hits="1" number="7"/>
						<line hits="1" number="8"/>
						<line hits="1" number="10"/>
						<line hits="1" number="11"/>
						<line hits="1" number="12"/>
						<line hits="1" number="15"/>
						<line hits="1" number="19"/>
						<line hits="1" number="25"/>
						<line hits="1" number="32"/>
						<line hits="1" number="39"/>
						<line hits="1" number="48"/>
						<line hits="1" number="49"/>
						<line branch="true" condition-coverage="100% (2/2)" hits="1" number="50"/>
						<line hits="1" number="51"/>
						<line branch="true" condition-coverage="50% (1/2)" hits="1" missing-branches="55" number="52"/>
						<line hits="1" number="53"/>
						<line hits="0" number="55"/>
						<line hits="1" number="56"/>
						<line hits="1" number="59"/>
						<line hits="1" number="67"/>
						<line hits="1" number="74"/>
						<line hits="1" number="75"/>
					</lines>
				</class>
				<class branch-rate="0.75" complexity="0" filename="t_Transformation/test_TimePeriodToSizeTransformator.py" line-rate="0.963" name="test_TimePeriodToSizeTransformator.py">
					<methods/>
					<lines>
						<line hits="1" number="3"/>
						<line hits="1" number="7"/>
						<line hits="1" number="8"/>
						<line hits="1" number="10"/>
						<line hits="1" number="12"/>
						<line hits="1" number="13"/>
						<line hits="1" number="14"/>
						<line hits="1" number="16"/>
						<line hits="1" number="17"/>
						<line hits="1" number="18"/>
						<line hits="1" number="19"/>
						<line hits="1" number="21"/>
						<line hits="1" number="22"/>
						<line hits="1" number="23"/>
						<line hits="1" number="24"/>
						<line hits="1" number="27"/>
						<line hits="1" number="28"/>
						<line branch="true" condition-coverage="100% (2/2)" hits="1" number="29"/>
						<line hits="1" number="30"/>
						<line branch="true" condition-coverage="50% (1/2)" hits="1" missing-branches="34" number="31"/>
						<line hits="1" number="32"/>
						<line hits="0" number="34"/>
						<line hits="1" number="38"/>
						<line hits="1" number="41"/>
						<line hits="1" number="51"/>
						<line hits="1" number="62"/>
						<line hits="1" number="63"/>
					</lines>
				</class>
				<class branch-rate="0.75" complexity="0" filename="t_Transformation/test_ToValueArrayTransformator.py" line-rate="0.963" name="test_ToValueArrayTransformator.py">
					<methods/>
					<lines>
						<line hits="1" number="5"/>
						<line hits="1" number="6"/>
						<line hits="1" number="8"/>
						<line hits="1" number="9"/>
						<line hits="1" number="11"/>
						<line hits="1" number="12"/>
						<line hits="1" number="13"/>
						<line hits="1" number="15"/>
						<line hits="1" number="16"/>
						<line hits="1" number="17"/>
						<line hits="1" number="19"/>
						<line hits="1" number="22"/>
						<line hits="1" number="23"/>
						<line hits="1" number="24"/>
						<line hits="1" number="25"/>
						<line hits="1" number="28"/>
						<line hits="1" number="29"/>
						<line branch="true" condition-coverage="100% (2/2)" hits="1" number="30"/>
						<line hits="1" number="31"/>
						<line branch="true" condition-coverage="50% (1/2)" hits="1" missing-branches="35" number="32"/>
						<line hits="1" number="33"/>
						<line hits="0" number="35"/>
						<line hits="1" number="37"/>
						<line hits="1" number="40"/>
						<line hits="1" number="50"/>
						<line hits="1" number="60"/>
						<line hits="1" number="61"/>
					</lines>
				</class>
				<class branch-rate="0.75" complexity="0" filename="t_Transformation/test_ValueArrayToEntropyTransformator.py" line-rate="0.9677" name="test_ValueArrayToEntropyTransformator.py">
					<methods/>
					<lines>
						<line hits="1" number="3"/>
						<line hits="1" number="7"/>
						<line hits="1" number="8"/>
						<line hits="1" number="10"/>
						<line hits="1" number="11"/>
						<line hits="1" number="12"/>
						<line hits="1" number="14"/>
						<line hits="1" number="15"/>
						<line hits="1" number="16"/>
						<line hits="1" number="17"/>
						<line hits="1" number="19"/>
						<line hits="1" number="20"/>
						<line hits="1" number="21"/>
						<line hits="1" number="22"/>
						<line hits="1" number="24"/>
						<line hits="1" number="27"/>
						<line hits="1" number="28"/>
						<line branch="true" condition-coverage="100% (2/2)" hits="1" number="29"/>
						<line hits="1" number="30"/>
						<line branch="true" condition-coverage="50% (1/2)" hits="1" missing-branches="34" number="31"/>
						<line hits="1" number="32"/>
						<line hits="0" number="34"/>
						<line hits="1" number="35"/>
						<line hits="1" number="38"/>
						<line hits="1" number="48"/>
						<line hits="1" number="58"/>
						<line hits="1" number="59"/>
						<line hits="1" number="63"/>
						<line hits="1" number="66"/>
						<line hits="1" number="73"/>
						<line hits="1" number="74"/>
					</lines>
				</class>
			</classes>
		</package>
		<package branch-rate="1" complexity="0" line-rate="0.9762" name="t_Utils">
			<classes>
				<class branch-rate="1" complexity="0" filename="t_Utils/__init__.py" line-rate="1" name="__init__.py">
					<methods/>
					<lines/>
				</class>
				<class branch-rate="1" complexity="0" filename="t_Utils/test_Executor.py" line-rate="0.9762" name="test_Executor.py">
					<methods/>
					<lines>
						<line hits="1" number="4"/>
						<line hits="1" number="6"/>
						<line hits="1" number="8"/>
						<line hits="1" number="11"/>
						<line hits="1" number="16"/>
						<line hits="1" number="17"/>
						<line hits="1" number="18"/>
						<line hits="1" number="20"/>
						<line hits="0" number="25"/>
						<line hits="1" number="27"/>
						<line hits="1" number="31"/>
						<line hits="1" number="34"/>
						<line hits="1" number="39"/>
						<line hits="1" number="40"/>
						<line hits="1" number="42"/>
						<line hits="1" number="43"/>
						<line hits="1" number="50"/>
						<line hits="1" number="53"/>
						<line hits="1" number="58"/>
						<line hits="1" number="59"/>
						<line hits="1" number="61"/>
						<line hits="1" number="62"/>
						<line hits="1" number="68"/>
						<line hits="1" number="71"/>
						<line hits="1" number="76"/>
						<line hits="1" number="77"/>
						<line hits="1" number="79"/>
						<line hits="1" number="80"/>
						<line hits="1" number="87"/>
						<line hits="1" number="90"/>
						<line hits="1" number="91"/>
						<line hits="1" number="94"/>
						<line hits="1" number="96"/>
						<line hits="1" number="97"/>
						<line hits="1" number="100"/>
						<line hits="1" number="101"/>
						<line hits="1" number="106"/>
						<line hits="1" number="109"/>
						<line hits="1" number="115"/>
						<line hits="1" number="125"/>
						<line hits="1" number="126"/>
						<line hits="1" number="128"/>
					</lines>
				</class>
			</classes>
		</package>
		<package branch-rate="1" complexity="0" line-rate="1" name="t_Visualization">
			<classes>
				<class branch-rate="1" complexity="0" filename="t_Visualization/__init__.py" line-rate="1" name="__init__.py">
					<methods/>
					<lines/>
				</class>
			</classes>
		</package>
	</packages>
</coverage>
